<?xml version="1.0" encoding="UTF-8"?>
<!-- Generated by org.testng.reporters.JUnitXMLReporter -->
<testsuite ignored="0" hostname="SACHIN" failures="0" tests="6" name="Demo" time="0.046" errors="0" timestamp="2022-07-02T20:22:48 IST">
  <testcase classname="testPack.Demo3" name="test" time="0.006"/>
  <testcase classname="testPack.Demo2" name="test" time="0.005"/>
  <testcase classname="testPack.Demo" name="test" time="0.007"/>
  <testcase classname="testPack.Demo" name="test2" time="0.001"/>
  <testcase classname="testPack.Demo3" name="test3" time="0.002"/>
  <testcase classname="testPack.Demo2" name="test2" time="0.002"/>
</testsuite> <!-- Demo -->
