<?xml version="1.0" encoding="UTF-8"?>
<testng-results ignored="0" total="6" passed="6" failed="0" skipped="0">
  <reporter-output>
  </reporter-output>
  <suite started-at="2022-07-02T20:22:48 IST" name="Suite" finished-at="2022-07-02T20:22:48 IST" duration-ms="46">
    <groups>
    </groups>
    <test started-at="2022-07-02T20:22:48 IST" name="Demo" finished-at="2022-07-02T20:22:48 IST" duration-ms="46">
      <class name="testPack.Demo2">
        <test-method is-config="true" signature="beforeClass()[pri:0, instance:testPack.Demo2@5ba3f27a]" started-at="2022-07-02T20:22:48 IST" name="beforeClass" finished-at="2022-07-02T20:22:48 IST" duration-ms="6" status="PASS">
          <reporter-output>
          </reporter-output>
        </test-method> <!-- beforeClass -->
        <test-method is-config="true" signature="beforemethod()[pri:0, instance:testPack.Demo2@5ba3f27a]" started-at="2022-07-02T20:22:48 IST" name="beforemethod" finished-at="2022-07-02T20:22:48 IST" duration-ms="0" status="PASS">
          <reporter-output>
          </reporter-output>
        </test-method> <!-- beforemethod -->
        <test-method signature="test()[pri:0, instance:testPack.Demo2@5ba3f27a]" started-at="2022-07-02T20:22:48 IST" name="test" finished-at="2022-07-02T20:22:48 IST" duration-ms="5" status="PASS">
          <reporter-output>
          </reporter-output>
        </test-method> <!-- test -->
        <test-method is-config="true" signature="aftermethod()[pri:0, instance:testPack.Demo2@5ba3f27a]" started-at="2022-07-02T20:22:48 IST" name="aftermethod" finished-at="2022-07-02T20:22:48 IST" duration-ms="0" status="PASS">
          <reporter-output>
          </reporter-output>
        </test-method> <!-- aftermethod -->
        <test-method signature="test2()[pri:0, instance:testPack.Demo2@5ba3f27a]" started-at="2022-07-02T20:22:48 IST" name="test2" finished-at="2022-07-02T20:22:48 IST" duration-ms="2" status="PASS">
          <reporter-output>
          </reporter-output>
        </test-method> <!-- test2 -->
        <test-method is-config="true" signature="beforemethod()[pri:0, instance:testPack.Demo2@5ba3f27a]" started-at="2022-07-02T20:22:48 IST" name="beforemethod" finished-at="2022-07-02T20:22:48 IST" duration-ms="0" status="PASS">
          <reporter-output>
          </reporter-output>
        </test-method> <!-- beforemethod -->
        <test-method is-config="true" signature="aftermethod()[pri:0, instance:testPack.Demo2@5ba3f27a]" started-at="2022-07-02T20:22:48 IST" name="aftermethod" finished-at="2022-07-02T20:22:48 IST" duration-ms="0" status="PASS">
          <reporter-output>
          </reporter-output>
        </test-method> <!-- aftermethod -->
        <test-method is-config="true" signature="afterClass()[pri:0, instance:testPack.Demo2@5ba3f27a]" started-at="2022-07-02T20:22:48 IST" name="afterClass" finished-at="2022-07-02T20:22:48 IST" duration-ms="0" status="PASS">
          <reporter-output>
          </reporter-output>
        </test-method> <!-- afterClass -->
      </class> <!-- testPack.Demo2 -->
      <class name="testPack.Demo3">
        <test-method is-config="true" signature="beforeClass()[pri:0, instance:testPack.Demo3@58d75e99]" started-at="2022-07-02T20:22:48 IST" name="beforeClass" finished-at="2022-07-02T20:22:48 IST" duration-ms="6" status="PASS">
          <reporter-output>
          </reporter-output>
        </test-method> <!-- beforeClass -->
        <test-method is-config="true" signature="beforemethod()[pri:0, instance:testPack.Demo3@58d75e99]" started-at="2022-07-02T20:22:48 IST" name="beforemethod" finished-at="2022-07-02T20:22:48 IST" duration-ms="0" status="PASS">
          <reporter-output>
          </reporter-output>
        </test-method> <!-- beforemethod -->
        <test-method signature="test()[pri:0, instance:testPack.Demo3@58d75e99]" started-at="2022-07-02T20:22:48 IST" name="test" finished-at="2022-07-02T20:22:48 IST" duration-ms="6" status="PASS">
          <reporter-output>
          </reporter-output>
        </test-method> <!-- test -->
        <test-method is-config="true" signature="aftermethod()[pri:0, instance:testPack.Demo3@58d75e99]" started-at="2022-07-02T20:22:48 IST" name="aftermethod" finished-at="2022-07-02T20:22:48 IST" duration-ms="1" status="PASS">
          <reporter-output>
          </reporter-output>
        </test-method> <!-- aftermethod -->
        <test-method is-config="true" signature="beforemethod()[pri:0, instance:testPack.Demo3@58d75e99]" started-at="2022-07-02T20:22:48 IST" name="beforemethod" finished-at="2022-07-02T20:22:48 IST" duration-ms="1" status="PASS">
          <reporter-output>
          </reporter-output>
        </test-method> <!-- beforemethod -->
        <test-method signature="test3()[pri:0, instance:testPack.Demo3@58d75e99]" started-at="2022-07-02T20:22:48 IST" name="test3" finished-at="2022-07-02T20:22:48 IST" duration-ms="2" status="PASS">
          <reporter-output>
          </reporter-output>
        </test-method> <!-- test3 -->
        <test-method is-config="true" signature="aftermethod()[pri:0, instance:testPack.Demo3@58d75e99]" started-at="2022-07-02T20:22:48 IST" name="aftermethod" finished-at="2022-07-02T20:22:48 IST" duration-ms="1" status="PASS">
          <reporter-output>
          </reporter-output>
        </test-method> <!-- aftermethod -->
        <test-method is-config="true" signature="afterClass()[pri:0, instance:testPack.Demo3@58d75e99]" started-at="2022-07-02T20:22:48 IST" name="afterClass" finished-at="2022-07-02T20:22:48 IST" duration-ms="0" status="PASS">
          <reporter-output>
          </reporter-output>
        </test-method> <!-- afterClass -->
      </class> <!-- testPack.Demo3 -->
      <class name="testPack.Demo">
        <test-method is-config="true" signature="beforeClass()[pri:0, instance:testPack.Demo@543588e6]" started-at="2022-07-02T20:22:48 IST" name="beforeClass" finished-at="2022-07-02T20:22:48 IST" duration-ms="6" status="PASS">
          <reporter-output>
          </reporter-output>
        </test-method> <!-- beforeClass -->
        <test-method is-config="true" signature="beforemethod()[pri:0, instance:testPack.Demo@543588e6]" started-at="2022-07-02T20:22:48 IST" name="beforemethod" finished-at="2022-07-02T20:22:48 IST" duration-ms="0" status="PASS">
          <reporter-output>
          </reporter-output>
        </test-method> <!-- beforemethod -->
        <test-method signature="test()[pri:0, instance:testPack.Demo@543588e6]" started-at="2022-07-02T20:22:48 IST" name="test" finished-at="2022-07-02T20:22:48 IST" duration-ms="7" status="PASS">
          <reporter-output>
          </reporter-output>
        </test-method> <!-- test -->
        <test-method is-config="true" signature="aftermethod()[pri:0, instance:testPack.Demo@543588e6]" started-at="2022-07-02T20:22:48 IST" name="aftermethod" finished-at="2022-07-02T20:22:48 IST" duration-ms="0" status="PASS">
          <reporter-output>
          </reporter-output>
        </test-method> <!-- aftermethod -->
        <test-method is-config="true" signature="beforemethod()[pri:0, instance:testPack.Demo@543588e6]" started-at="2022-07-02T20:22:48 IST" name="beforemethod" finished-at="2022-07-02T20:22:48 IST" duration-ms="0" status="PASS">
          <reporter-output>
          </reporter-output>
        </test-method> <!-- beforemethod -->
        <test-method signature="test2()[pri:0, instance:testPack.Demo@543588e6]" started-at="2022-07-02T20:22:48 IST" name="test2" finished-at="2022-07-02T20:22:48 IST" duration-ms="1" status="PASS">
          <reporter-output>
          </reporter-output>
        </test-method> <!-- test2 -->
        <test-method is-config="true" signature="aftermethod()[pri:0, instance:testPack.Demo@543588e6]" started-at="2022-07-02T20:22:48 IST" name="aftermethod" finished-at="2022-07-02T20:22:48 IST" duration-ms="1" status="PASS">
          <reporter-output>
          </reporter-output>
        </test-method> <!-- aftermethod -->
        <test-method is-config="true" signature="afterClass()[pri:0, instance:testPack.Demo@543588e6]" started-at="2022-07-02T20:22:48 IST" name="afterClass" finished-at="2022-07-02T20:22:48 IST" duration-ms="0" status="PASS">
          <reporter-output>
          </reporter-output>
        </test-method> <!-- afterClass -->
      </class> <!-- testPack.Demo -->
    </test> <!-- Demo -->
  </suite> <!-- Suite -->
</testng-results>
